<?xml version="1.0" encoding="UTF-8"?>
<!-- Generated by org.testng.reporters.JUnitReportReporter -->
<testsuite hostname="fv-az81-966" failures="0" tests="2" name="com.ea.SpringBasic.runner.TestRunner" time="52.511" errors="0" timestamp="2021-09-14T15:33:43 UTC" skipped="0">
  <testcase classname="com.ea.SpringBasic.runner.TestRunner" name="runScenario" time="25.986"/>
  <system-out/>
  <testcase classname="com.ea.SpringBasic.runner.TestRunner" name="runScenario" time="26.525"/>
  <system-out/>
</testsuite> <!-- com.ea.SpringBasic.runner.TestRunner -->
