<?xml version="1.0" encoding="UTF-8"?>
<testsuite xmlns:xsi="http://www.w3.org/2001/XMLSchema-instance" xsi:noNamespaceSchemaLocation="https://maven.apache.org/surefire/maven-surefire-plugin/xsd/surefire-test-report.xsd" name="TestSuite" time="13.488" tests="2" errors="0" skipped="0" failures="1">
  <properties>
    <property name="gopherProxySet" value="false"/>
    <property name="awt.toolkit" value="sun.lwawt.macosx.LWCToolkit"/>
    <property name="java.specification.version" value="11"/>
    <property name="sun.cpu.isalist" value=""/>
    <property name="sun.jnu.encoding" value="UTF-8"/>
    <property name="java.class.path" value="/Users/virender.singh/Downloads/SpringBasicParallelExecution/target/test-classes:/Users/virender.singh/Downloads/SpringBasicParallelExecution/target/classes:/Users/virender.singh/.m2/repository/org/springframework/boot/spring-boot-starter/2.4.3/spring-boot-starter-2.4.3.jar:/Users/virender.singh/.m2/repository/org/springframework/boot/spring-boot/2.4.3/spring-boot-2.4.3.jar:/Users/virender.singh/.m2/repository/org/springframework/spring-context/5.3.4/spring-context-5.3.4.jar:/Users/virender.singh/.m2/repository/org/springframework/spring-aop/5.3.4/spring-aop-5.3.4.jar:/Users/virender.singh/.m2/repository/org/springframework/spring-beans/5.3.4/spring-beans-5.3.4.jar:/Users/virender.singh/.m2/repository/org/springframework/spring-expression/5.3.4/spring-expression-5.3.4.jar:/Users/virender.singh/.m2/repository/org/springframework/boot/spring-boot-autoconfigure/2.4.3/spring-boot-autoconfigure-2.4.3.jar:/Users/virender.singh/.m2/repository/org/springframework/boot/spring-boot-starter-logging/2.4.3/spring-boot-starter-logging-2.4.3.jar:/Users/virender.singh/.m2/repository/ch/qos/logback/logback-classic/1.2.3/logback-classic-1.2.3.jar:/Users/virender.singh/.m2/repository/ch/qos/logback/logback-core/1.2.3/logback-core-1.2.3.jar:/Users/virender.singh/.m2/repository/org/apache/logging/log4j/log4j-to-slf4j/2.13.3/log4j-to-slf4j-2.13.3.jar:/Users/virender.singh/.m2/repository/org/apache/logging/log4j/log4j-api/2.13.3/log4j-api-2.13.3.jar:/Users/virender.singh/.m2/repository/org/slf4j/jul-to-slf4j/1.7.30/jul-to-slf4j-1.7.30.jar:/Users/virender.singh/.m2/repository/jakarta/annotation/jakarta.annotation-api/1.3.5/jakarta.annotation-api-1.3.5.jar:/Users/virender.singh/.m2/repository/org/springframework/spring-core/5.3.4/spring-core-5.3.4.jar:/Users/virender.singh/.m2/repository/org/springframework/spring-jcl/5.3.4/spring-jcl-5.3.4.jar:/Users/virender.singh/.m2/repository/org/yaml/snakeyaml/1.27/snakeyaml-1.27.jar:/Users/virender.singh/.m2/repository/org/springframework/boot/spring-boot-starter-test/2.4.3/spring-boot-starter-test-2.4.3.jar:/Users/virender.singh/.m2/repository/org/springframework/boot/spring-boot-test/2.4.3/spring-boot-test-2.4.3.jar:/Users/virender.singh/.m2/repository/org/springframework/boot/spring-boot-test-autoconfigure/2.4.3/spring-boot-test-autoconfigure-2.4.3.jar:/Users/virender.singh/.m2/repository/com/jayway/jsonpath/json-path/2.4.0/json-path-2.4.0.jar:/Users/virender.singh/.m2/repository/net/minidev/json-smart/2.3/json-smart-2.3.jar:/Users/virender.singh/.m2/repository/net/minidev/accessors-smart/1.2/accessors-smart-1.2.jar:/Users/virender.singh/.m2/repository/org/ow2/asm/asm/5.0.4/asm-5.0.4.jar:/Users/virender.singh/.m2/repository/jakarta/xml/bind/jakarta.xml.bind-api/2.3.3/jakarta.xml.bind-api-2.3.3.jar:/Users/virender.singh/.m2/repository/jakarta/activation/jakarta.activation-api/1.2.2/jakarta.activation-api-1.2.2.jar:/Users/virender.singh/.m2/repository/org/assertj/assertj-core/3.18.1/assertj-core-3.18.1.jar:/Users/virender.singh/.m2/repository/org/hamcrest/hamcrest/2.2/hamcrest-2.2.jar:/Users/virender.singh/.m2/repository/org/junit/jupiter/junit-jupiter/5.7.1/junit-jupiter-5.7.1.jar:/Users/virender.singh/.m2/repository/org/junit/jupiter/junit-jupiter-api/5.7.1/junit-jupiter-api-5.7.1.jar:/Users/virender.singh/.m2/repository/org/opentest4j/opentest4j/1.2.0/opentest4j-1.2.0.jar:/Users/virender.singh/.m2/repository/org/junit/platform/junit-platform-commons/1.7.1/junit-platform-commons-1.7.1.jar:/Users/virender.singh/.m2/repository/org/junit/jupiter/junit-jupiter-params/5.7.1/junit-jupiter-params-5.7.1.jar:/Users/virender.singh/.m2/repository/org/junit/jupiter/junit-jupiter-engine/5.7.1/junit-jupiter-engine-5.7.1.jar:/Users/virender.singh/.m2/repository/org/junit/platform/junit-platform-engine/1.7.1/junit-platform-engine-1.7.1.jar:/Users/virender.singh/.m2/repository/org/mockito/mockito-core/3.6.28/mockito-core-3.6.28.jar:/Users/virender.singh/.m2/repository/net/bytebuddy/byte-buddy/1.10.20/byte-buddy-1.10.20.jar:/Users/virender.singh/.m2/repository/net/bytebuddy/byte-buddy-agent/1.10.20/byte-buddy-agent-1.10.20.jar:/Users/virender.singh/.m2/repository/org/objenesis/objenesis/3.1/objenesis-3.1.jar:/Users/virender.singh/.m2/repository/org/mockito/mockito-junit-jupiter/3.6.28/mockito-junit-jupiter-3.6.28.jar:/Users/virender.singh/.m2/repository/org/skyscreamer/jsonassert/1.5.0/jsonassert-1.5.0.jar:/Users/virender.singh/.m2/repository/com/vaadin/external/google/android-json/0.0.20131108.vaadin1/android-json-0.0.20131108.vaadin1.jar:/Users/virender.singh/.m2/repository/org/springframework/spring-test/5.3.4/spring-test-5.3.4.jar:/Users/virender.singh/.m2/repository/org/xmlunit/xmlunit-core/2.7.0/xmlunit-core-2.7.0.jar:/Users/virender.singh/.m2/repository/io/github/bonigarcia/webdrivermanager/5.0.2/webdrivermanager-5.0.2.jar:/Users/virender.singh/.m2/repository/org/slf4j/slf4j-api/1.7.30/slf4j-api-1.7.30.jar:/Users/virender.singh/.m2/repository/com/google/code/gson/gson/2.8.6/gson-2.8.6.jar:/Users/virender.singh/.m2/repository/org/jsoup/jsoup/1.14.2/jsoup-1.14.2.jar:/Users/virender.singh/.m2/repository/com/github/docker-java/docker-java/3.2.11/docker-java-3.2.11.jar:/Users/virender.singh/.m2/repository/com/github/docker-java/docker-java-core/3.2.11/docker-java-core-3.2.11.jar:/Users/virender.singh/.m2/repository/com/github/docker-java/docker-java-api/3.2.11/docker-java-api-3.2.11.jar:/Users/virender.singh/.m2/repository/com/fasterxml/jackson/core/jackson-annotations/2.11.4/jackson-annotations-2.11.4.jar:/Users/virender.singh/.m2/repository/commons-io/commons-io/2.6/commons-io-2.6.jar:/Users/virender.singh/.m2/repository/org/apache/commons/commons-compress/1.20/commons-compress-1.20.jar:/Users/virender.singh/.m2/repository/commons-lang/commons-lang/2.6/commons-lang-2.6.jar:/Users/virender.singh/.m2/repository/com/fasterxml/jackson/core/jackson-databind/2.11.4/jackson-databind-2.11.4.jar:/Users/virender.singh/.m2/repository/com/fasterxml/jackson/core/jackson-core/2.11.4/jackson-core-2.11.4.jar:/Users/virender.singh/.m2/repository/org/bouncycastle/bcpkix-jdk15on/1.64/bcpkix-jdk15on-1.64.jar:/Users/virender.singh/.m2/repository/org/bouncycastle/bcprov-jdk15on/1.64/bcprov-jdk15on-1.64.jar:/Users/virender.singh/.m2/repository/org/slf4j/jcl-over-slf4j/1.7.30/jcl-over-slf4j-1.7.30.jar:/Users/virender.singh/.m2/repository/com/github/docker-java/docker-java-transport-httpclient5/3.2.11/docker-java-transport-httpclient5-3.2.11.jar:/Users/virender.singh/.m2/repository/com/github/docker-java/docker-java-transport/3.2.11/docker-java-transport-3.2.11.jar:/Users/virender.singh/.m2/repository/org/apache/httpcomponents/client5/httpclient5/5.0.3/httpclient5-5.0.3.jar:/Users/virender.singh/.m2/repository/org/apache/httpcomponents/core5/httpcore5/5.0.2/httpcore5-5.0.2.jar:/Users/virender.singh/.m2/repository/commons-codec/commons-codec/1.15/commons-codec-1.15.jar:/Users/virender.singh/.m2/repository/net/java/dev/jna/jna/5.8.0/jna-5.8.0.jar:/Users/virender.singh/.m2/repository/com/google/guava/guava/30.1.1-jre/guava-30.1.1-jre.jar:/Users/virender.singh/.m2/repository/com/google/guava/failureaccess/1.0.1/failureaccess-1.0.1.jar:/Users/virender.singh/.m2/repository/com/google/guava/listenablefuture/9999.0-empty-to-avoid-conflict-with-guava/listenablefuture-9999.0-empty-to-avoid-conflict-with-guava.jar:/Users/virender.singh/.m2/repository/com/google/code/findbugs/jsr305/3.0.2/jsr305-3.0.2.jar:/Users/virender.singh/.m2/repository/org/checkerframework/checker-qual/3.8.0/checker-qual-3.8.0.jar:/Users/virender.singh/.m2/repository/com/google/errorprone/error_prone_annotations/2.5.1/error_prone_annotations-2.5.1.jar:/Users/virender.singh/.m2/repository/com/google/j2objc/j2objc-annotations/1.3/j2objc-annotations-1.3.jar:/Users/virender.singh/.m2/repository/org/brotli/dec/0.1.2/dec-0.1.2.jar:/Users/virender.singh/.m2/repository/org/seleniumhq/selenium/selenium-java/4.0.0/selenium-java-4.0.0.jar:/Users/virender.singh/.m2/repository/org/seleniumhq/selenium/selenium-api/4.0.0/selenium-api-4.0.0.jar:/Users/virender.singh/.m2/repository/org/seleniumhq/selenium/selenium-chrome-driver/4.0.0/selenium-chrome-driver-4.0.0.jar:/Users/virender.singh/.m2/repository/com/google/auto/service/auto-service-annotations/1.0/auto-service-annotations-1.0.jar:/Users/virender.singh/.m2/repository/com/google/auto/service/auto-service/1.0/auto-service-1.0.jar:/Users/virender.singh/.m2/repository/com/google/auto/auto-common/1.0/auto-common-1.0.jar:/Users/virender.singh/.m2/repository/org/seleniumhq/selenium/selenium-chromium-driver/4.0.0/selenium-chromium-driver-4.0.0.jar:/Users/virender.singh/.m2/repository/org/seleniumhq/selenium/selenium-json/4.0.0/selenium-json-4.0.0.jar:/Users/virender.singh/.m2/repository/org/seleniumhq/selenium/selenium-devtools-v85/4.0.0/selenium-devtools-v85-4.0.0.jar:/Users/virender.singh/.m2/repository/org/seleniumhq/selenium/selenium-devtools-v93/4.0.0/selenium-devtools-v93-4.0.0.jar:/Users/virender.singh/.m2/repository/org/seleniumhq/selenium/selenium-devtools-v94/4.0.0/selenium-devtools-v94-4.0.0.jar:/Users/virender.singh/.m2/repository/org/seleniumhq/selenium/selenium-devtools-v95/4.0.0/selenium-devtools-v95-4.0.0.jar:/Users/virender.singh/.m2/repository/org/seleniumhq/selenium/selenium-edge-driver/4.0.0/selenium-edge-driver-4.0.0.jar:/Users/virender.singh/.m2/repository/org/seleniumhq/selenium/selenium-firefox-driver/4.0.0/selenium-firefox-driver-4.0.0.jar:/Users/virender.singh/.m2/repository/org/seleniumhq/selenium/selenium-firefox-xpi-driver/4.0.0/selenium-firefox-xpi-driver-4.0.0.jar:/Users/virender.singh/.m2/repository/org/seleniumhq/selenium/selenium-ie-driver/4.0.0/selenium-ie-driver-4.0.0.jar:/Users/virender.singh/.m2/repository/org/seleniumhq/selenium/selenium-opera-driver/4.0.0/selenium-opera-driver-4.0.0.jar:/Users/virender.singh/.m2/repository/org/seleniumhq/selenium/selenium-remote-driver/4.0.0/selenium-remote-driver-4.0.0.jar:/Users/virender.singh/.m2/repository/io/netty/netty-buffer/4.1.59.Final/netty-buffer-4.1.59.Final.jar:/Users/virender.singh/.m2/repository/io/netty/netty-codec-http/4.1.59.Final/netty-codec-http-4.1.59.Final.jar:/Users/virender.singh/.m2/repository/io/netty/netty-codec/4.1.59.Final/netty-codec-4.1.59.Final.jar:/Users/virender.singh/.m2/repository/io/netty/netty-handler/4.1.59.Final/netty-handler-4.1.59.Final.jar:/Users/virender.singh/.m2/repository/io/netty/netty-common/4.1.59.Final/netty-common-4.1.59.Final.jar:/Users/virender.singh/.m2/repository/io/netty/netty-transport-native-epoll/4.1.59.Final/netty-transport-native-epoll-4.1.59.Final.jar:/Users/virender.singh/.m2/repository/io/netty/netty-transport-native-kqueue/4.1.59.Final/netty-transport-native-kqueue-4.1.59.Final.jar:/Users/virender.singh/.m2/repository/io/netty/netty-transport-native-unix-common/4.1.59.Final/netty-transport-native-unix-common-4.1.59.Final.jar:/Users/virender.singh/.m2/repository/io/netty/netty-transport/4.1.59.Final/netty-transport-4.1.59.Final.jar:/Users/virender.singh/.m2/repository/io/netty/netty-resolver/4.1.59.Final/netty-resolver-4.1.59.Final.jar:/Users/virender.singh/.m2/repository/io/opentelemetry/opentelemetry-api/1.6.0/opentelemetry-api-1.6.0.jar:/Users/virender.singh/.m2/repository/io/opentelemetry/opentelemetry-context/1.6.0/opentelemetry-context-1.6.0.jar:/Users/virender.singh/.m2/repository/io/opentelemetry/opentelemetry-exporter-logging/1.6.0/opentelemetry-exporter-logging-1.6.0.jar:/Users/virender.singh/.m2/repository/io/opentelemetry/opentelemetry-sdk-metrics/1.6.0-alpha/opentelemetry-sdk-metrics-1.6.0-alpha.jar:/Users/virender.singh/.m2/repository/io/opentelemetry/opentelemetry-sdk-common/1.6.0/opentelemetry-sdk-common-1.6.0.jar:/Users/virender.singh/.m2/repository/io/opentelemetry/opentelemetry-sdk-extension-autoconfigure-spi/1.6.0/opentelemetry-sdk-extension-autoconfigure-spi-1.6.0.jar:/Users/virender.singh/.m2/repository/io/opentelemetry/opentelemetry-sdk-extension-autoconfigure/1.6.0-alpha/opentelemetry-sdk-extension-autoconfigure-1.6.0-alpha.jar:/Users/virender.singh/.m2/repository/io/opentelemetry/opentelemetry-sdk-trace/1.6.0/opentelemetry-sdk-trace-1.6.0.jar:/Users/virender.singh/.m2/repository/io/opentelemetry/opentelemetry-api-metrics/1.6.0-alpha/opentelemetry-api-metrics-1.6.0-alpha.jar:/Users/virender.singh/.m2/repository/io/opentelemetry/opentelemetry-sdk/1.6.0/opentelemetry-sdk-1.6.0.jar:/Users/virender.singh/.m2/repository/io/opentelemetry/opentelemetry-semconv/1.6.0-alpha/opentelemetry-semconv-1.6.0-alpha.jar:/Users/virender.singh/.m2/repository/io/ous/jtoml/2.0.0/jtoml-2.0.0.jar:/Users/virender.singh/.m2/repository/org/apache/commons/commons-exec/1.3/commons-exec-1.3.jar:/Users/virender.singh/.m2/repository/org/asynchttpclient/async-http-client/2.12.3/async-http-client-2.12.3.jar:/Users/virender.singh/.m2/repository/org/asynchttpclient/async-http-client-netty-utils/2.12.3/async-http-client-netty-utils-2.12.3.jar:/Users/virender.singh/.m2/repository/io/netty/netty-codec-socks/4.1.59.Final/netty-codec-socks-4.1.59.Final.jar:/Users/virender.singh/.m2/repository/io/netty/netty-handler-proxy/4.1.59.Final/netty-handler-proxy-4.1.59.Final.jar:/Users/virender.singh/.m2/repository/io/netty/netty-transport-native-epoll/4.1.59.Final/netty-transport-native-epoll-4.1.59.Final-linux-x86_64.jar:/Users/virender.singh/.m2/repository/io/netty/netty-transport-native-kqueue/4.1.59.Final/netty-transport-native-kqueue-4.1.59.Final-osx-x86_64.jar:/Users/virender.singh/.m2/repository/org/reactivestreams/reactive-streams/1.0.3/reactive-streams-1.0.3.jar:/Users/virender.singh/.m2/repository/com/typesafe/netty/netty-reactive-streams/2.0.4/netty-reactive-streams-2.0.4.jar:/Users/virender.singh/.m2/repository/com/sun/activation/jakarta.activation/1.2.2/jakarta.activation-1.2.2.jar:/Users/virender.singh/.m2/repository/org/seleniumhq/selenium/selenium-http/4.0.0/selenium-http-4.0.0.jar:/Users/virender.singh/.m2/repository/org/seleniumhq/selenium/selenium-safari-driver/4.0.0/selenium-safari-driver-4.0.0.jar:/Users/virender.singh/.m2/repository/org/seleniumhq/selenium/selenium-support/4.0.0/selenium-support-4.0.0.jar:/Users/virender.singh/.m2/repository/org/testng/testng/7.4.0/testng-7.4.0.jar:/Users/virender.singh/.m2/repository/com/beust/jcommander/1.78/jcommander-1.78.jar:/Users/virender.singh/.m2/repository/org/webjars/jquery/3.5.1/jquery-3.5.1.jar:/Users/virender.singh/.m2/repository/io/cucumber/cucumber-spring/6.9.1/cucumber-spring-6.9.1.jar:/Users/virender.singh/.m2/repository/io/cucumber/cucumber-core/6.9.1/cucumber-core-6.9.1.jar:/Users/virender.singh/.m2/repository/io/cucumber/cucumber-gherkin/6.9.1/cucumber-gherkin-6.9.1.jar:/Users/virender.singh/.m2/repository/io/cucumber/cucumber-gherkin-messages/6.9.1/cucumber-gherkin-messages-6.9.1.jar:/Users/virender.singh/.m2/repository/io/cucumber/messages/13.2.1/messages-13.2.1.jar:/Users/virender.singh/.m2/repository/io/cucumber/tag-expressions/3.0.0/tag-expressions-3.0.0.jar:/Users/virender.singh/.m2/repository/io/cucumber/cucumber-expressions/10.3.0/cucumber-expressions-10.3.0.jar:/Users/virender.singh/.m2/repository/io/cucumber/datatable/3.5.0/datatable-3.5.0.jar:/Users/virender.singh/.m2/repository/io/cucumber/cucumber-plugin/6.9.1/cucumber-plugin-6.9.1.jar:/Users/virender.singh/.m2/repository/io/cucumber/docstring/6.9.1/docstring-6.9.1.jar:/Users/virender.singh/.m2/repository/io/cucumber/html-formatter/9.0.0/html-formatter-9.0.0.jar:/Users/virender.singh/.m2/repository/io/cucumber/create-meta/2.0.4/create-meta-2.0.4.jar:/Users/virender.singh/.m2/repository/org/apiguardian/apiguardian-api/1.1.0/apiguardian-api-1.1.0.jar:/Users/virender.singh/.m2/repository/io/cucumber/cucumber-java/6.9.1/cucumber-java-6.9.1.jar:/Users/virender.singh/.m2/repository/io/cucumber/cucumber-testng/6.9.1/cucumber-testng-6.9.1.jar:"/>
    <property name="java.vm.vendor" value="Oracle Corporation"/>
    <property name="sun.arch.data.model" value="64"/>
    <property name="java.vendor.url" value="https://openjdk.java.net/"/>
    <property name="user.timezone" value=""/>
    <property name="java.vm.specification.version" value="11"/>
    <property name="os.name" value="Mac OS X"/>
    <property name="sun.java.launcher" value="SUN_STANDARD"/>
    <property name="user.country" value="GB"/>
    <property name="sun.boot.library.path" value="/Library/Java/JavaVirtualMachines/jdk-11.0.12.jdk/Contents/Home/lib"/>
    <property name="sun.java.command" value="/Users/virender.singh/Downloads/SpringBasicParallelExecution/target/surefire/surefirebooter5755441117496946640.jar /Users/virender.singh/Downloads/SpringBasicParallelExecution/target/surefire 2021-10-18T23-10-04_872-jvmRun1 surefire18157979270825148971tmp surefire_010301252416143293940tmp"/>
    <property name="http.nonProxyHosts" value="local|*.local|169.254/16|*.169.254/16"/>
    <property name="jdk.debug" value="release"/>
    <property name="surefire.test.class.path" value="/Users/virender.singh/Downloads/SpringBasicParallelExecution/target/test-classes:/Users/virender.singh/Downloads/SpringBasicParallelExecution/target/classes:/Users/virender.singh/.m2/repository/org/springframework/boot/spring-boot-starter/2.4.3/spring-boot-starter-2.4.3.jar:/Users/virender.singh/.m2/repository/org/springframework/boot/spring-boot/2.4.3/spring-boot-2.4.3.jar:/Users/virender.singh/.m2/repository/org/springframework/spring-context/5.3.4/spring-context-5.3.4.jar:/Users/virender.singh/.m2/repository/org/springframework/spring-aop/5.3.4/spring-aop-5.3.4.jar:/Users/virender.singh/.m2/repository/org/springframework/spring-beans/5.3.4/spring-beans-5.3.4.jar:/Users/virender.singh/.m2/repository/org/springframework/spring-expression/5.3.4/spring-expression-5.3.4.jar:/Users/virender.singh/.m2/repository/org/springframework/boot/spring-boot-autoconfigure/2.4.3/spring-boot-autoconfigure-2.4.3.jar:/Users/virender.singh/.m2/repository/org/springframework/boot/spring-boot-starter-logging/2.4.3/spring-boot-starter-logging-2.4.3.jar:/Users/virender.singh/.m2/repository/ch/qos/logback/logback-classic/1.2.3/logback-classic-1.2.3.jar:/Users/virender.singh/.m2/repository/ch/qos/logback/logback-core/1.2.3/logback-core-1.2.3.jar:/Users/virender.singh/.m2/repository/org/apache/logging/log4j/log4j-to-slf4j/2.13.3/log4j-to-slf4j-2.13.3.jar:/Users/virender.singh/.m2/repository/org/apache/logging/log4j/log4j-api/2.13.3/log4j-api-2.13.3.jar:/Users/virender.singh/.m2/repository/org/slf4j/jul-to-slf4j/1.7.30/jul-to-slf4j-1.7.30.jar:/Users/virender.singh/.m2/repository/jakarta/annotation/jakarta.annotation-api/1.3.5/jakarta.annotation-api-1.3.5.jar:/Users/virender.singh/.m2/repository/org/springframework/spring-core/5.3.4/spring-core-5.3.4.jar:/Users/virender.singh/.m2/repository/org/springframework/spring-jcl/5.3.4/spring-jcl-5.3.4.jar:/Users/virender.singh/.m2/repository/org/yaml/snakeyaml/1.27/snakeyaml-1.27.jar:/Users/virender.singh/.m2/repository/org/springframework/boot/spring-boot-starter-test/2.4.3/spring-boot-starter-test-2.4.3.jar:/Users/virender.singh/.m2/repository/org/springframework/boot/spring-boot-test/2.4.3/spring-boot-test-2.4.3.jar:/Users/virender.singh/.m2/repository/org/springframework/boot/spring-boot-test-autoconfigure/2.4.3/spring-boot-test-autoconfigure-2.4.3.jar:/Users/virender.singh/.m2/repository/com/jayway/jsonpath/json-path/2.4.0/json-path-2.4.0.jar:/Users/virender.singh/.m2/repository/net/minidev/json-smart/2.3/json-smart-2.3.jar:/Users/virender.singh/.m2/repository/net/minidev/accessors-smart/1.2/accessors-smart-1.2.jar:/Users/virender.singh/.m2/repository/org/ow2/asm/asm/5.0.4/asm-5.0.4.jar:/Users/virender.singh/.m2/repository/jakarta/xml/bind/jakarta.xml.bind-api/2.3.3/jakarta.xml.bind-api-2.3.3.jar:/Users/virender.singh/.m2/repository/jakarta/activation/jakarta.activation-api/1.2.2/jakarta.activation-api-1.2.2.jar:/Users/virender.singh/.m2/repository/org/assertj/assertj-core/3.18.1/assertj-core-3.18.1.jar:/Users/virender.singh/.m2/repository/org/hamcrest/hamcrest/2.2/hamcrest-2.2.jar:/Users/virender.singh/.m2/repository/org/junit/jupiter/junit-jupiter/5.7.1/junit-jupiter-5.7.1.jar:/Users/virender.singh/.m2/repository/org/junit/jupiter/junit-jupiter-api/5.7.1/junit-jupiter-api-5.7.1.jar:/Users/virender.singh/.m2/repository/org/opentest4j/opentest4j/1.2.0/opentest4j-1.2.0.jar:/Users/virender.singh/.m2/repository/org/junit/platform/junit-platform-commons/1.7.1/junit-platform-commons-1.7.1.jar:/Users/virender.singh/.m2/repository/org/junit/jupiter/junit-jupiter-params/5.7.1/junit-jupiter-params-5.7.1.jar:/Users/virender.singh/.m2/repository/org/junit/jupiter/junit-jupiter-engine/5.7.1/junit-jupiter-engine-5.7.1.jar:/Users/virender.singh/.m2/repository/org/junit/platform/junit-platform-engine/1.7.1/junit-platform-engine-1.7.1.jar:/Users/virender.singh/.m2/repository/org/mockito/mockito-core/3.6.28/mockito-core-3.6.28.jar:/Users/virender.singh/.m2/repository/net/bytebuddy/byte-buddy/1.10.20/byte-buddy-1.10.20.jar:/Users/virender.singh/.m2/repository/net/bytebuddy/byte-buddy-agent/1.10.20/byte-buddy-agent-1.10.20.jar:/Users/virender.singh/.m2/repository/org/objenesis/objenesis/3.1/objenesis-3.1.jar:/Users/virender.singh/.m2/repository/org/mockito/mockito-junit-jupiter/3.6.28/mockito-junit-jupiter-3.6.28.jar:/Users/virender.singh/.m2/repository/org/skyscreamer/jsonassert/1.5.0/jsonassert-1.5.0.jar:/Users/virender.singh/.m2/repository/com/vaadin/external/google/android-json/0.0.20131108.vaadin1/android-json-0.0.20131108.vaadin1.jar:/Users/virender.singh/.m2/repository/org/springframework/spring-test/5.3.4/spring-test-5.3.4.jar:/Users/virender.singh/.m2/repository/org/xmlunit/xmlunit-core/2.7.0/xmlunit-core-2.7.0.jar:/Users/virender.singh/.m2/repository/io/github/bonigarcia/webdrivermanager/5.0.2/webdrivermanager-5.0.2.jar:/Users/virender.singh/.m2/repository/org/slf4j/slf4j-api/1.7.30/slf4j-api-1.7.30.jar:/Users/virender.singh/.m2/repository/com/google/code/gson/gson/2.8.6/gson-2.8.6.jar:/Users/virender.singh/.m2/repository/org/jsoup/jsoup/1.14.2/jsoup-1.14.2.jar:/Users/virender.singh/.m2/repository/com/github/docker-java/docker-java/3.2.11/docker-java-3.2.11.jar:/Users/virender.singh/.m2/repository/com/github/docker-java/docker-java-core/3.2.11/docker-java-core-3.2.11.jar:/Users/virender.singh/.m2/repository/com/github/docker-java/docker-java-api/3.2.11/docker-java-api-3.2.11.jar:/Users/virender.singh/.m2/repository/com/fasterxml/jackson/core/jackson-annotations/2.11.4/jackson-annotations-2.11.4.jar:/Users/virender.singh/.m2/repository/commons-io/commons-io/2.6/commons-io-2.6.jar:/Users/virender.singh/.m2/repository/org/apache/commons/commons-compress/1.20/commons-compress-1.20.jar:/Users/virender.singh/.m2/repository/commons-lang/commons-lang/2.6/commons-lang-2.6.jar:/Users/virender.singh/.m2/repository/com/fasterxml/jackson/core/jackson-databind/2.11.4/jackson-databind-2.11.4.jar:/Users/virender.singh/.m2/repository/com/fasterxml/jackson/core/jackson-core/2.11.4/jackson-core-2.11.4.jar:/Users/virender.singh/.m2/repository/org/bouncycastle/bcpkix-jdk15on/1.64/bcpkix-jdk15on-1.64.jar:/Users/virender.singh/.m2/repository/org/bouncycastle/bcprov-jdk15on/1.64/bcprov-jdk15on-1.64.jar:/Users/virender.singh/.m2/repository/org/slf4j/jcl-over-slf4j/1.7.30/jcl-over-slf4j-1.7.30.jar:/Users/virender.singh/.m2/repository/com/github/docker-java/docker-java-transport-httpclient5/3.2.11/docker-java-transport-httpclient5-3.2.11.jar:/Users/virender.singh/.m2/repository/com/github/docker-java/docker-java-transport/3.2.11/docker-java-transport-3.2.11.jar:/Users/virender.singh/.m2/repository/org/apache/httpcomponents/client5/httpclient5/5.0.3/httpclient5-5.0.3.jar:/Users/virender.singh/.m2/repository/org/apache/httpcomponents/core5/httpcore5/5.0.2/httpcore5-5.0.2.jar:/Users/virender.singh/.m2/repository/commons-codec/commons-codec/1.15/commons-codec-1.15.jar:/Users/virender.singh/.m2/repository/net/java/dev/jna/jna/5.8.0/jna-5.8.0.jar:/Users/virender.singh/.m2/repository/com/google/guava/guava/30.1.1-jre/guava-30.1.1-jre.jar:/Users/virender.singh/.m2/repository/com/google/guava/failureaccess/1.0.1/failureaccess-1.0.1.jar:/Users/virender.singh/.m2/repository/com/google/guava/listenablefuture/9999.0-empty-to-avoid-conflict-with-guava/listenablefuture-9999.0-empty-to-avoid-conflict-with-guava.jar:/Users/virender.singh/.m2/repository/com/google/code/findbugs/jsr305/3.0.2/jsr305-3.0.2.jar:/Users/virender.singh/.m2/repository/org/checkerframework/checker-qual/3.8.0/checker-qual-3.8.0.jar:/Users/virender.singh/.m2/repository/com/google/errorprone/error_prone_annotations/2.5.1/error_prone_annotations-2.5.1.jar:/Users/virender.singh/.m2/repository/com/google/j2objc/j2objc-annotations/1.3/j2objc-annotations-1.3.jar:/Users/virender.singh/.m2/repository/org/brotli/dec/0.1.2/dec-0.1.2.jar:/Users/virender.singh/.m2/repository/org/seleniumhq/selenium/selenium-java/4.0.0/selenium-java-4.0.0.jar:/Users/virender.singh/.m2/repository/org/seleniumhq/selenium/selenium-api/4.0.0/selenium-api-4.0.0.jar:/Users/virender.singh/.m2/repository/org/seleniumhq/selenium/selenium-chrome-driver/4.0.0/selenium-chrome-driver-4.0.0.jar:/Users/virender.singh/.m2/repository/com/google/auto/service/auto-service-annotations/1.0/auto-service-annotations-1.0.jar:/Users/virender.singh/.m2/repository/com/google/auto/service/auto-service/1.0/auto-service-1.0.jar:/Users/virender.singh/.m2/repository/com/google/auto/auto-common/1.0/auto-common-1.0.jar:/Users/virender.singh/.m2/repository/org/seleniumhq/selenium/selenium-chromium-driver/4.0.0/selenium-chromium-driver-4.0.0.jar:/Users/virender.singh/.m2/repository/org/seleniumhq/selenium/selenium-json/4.0.0/selenium-json-4.0.0.jar:/Users/virender.singh/.m2/repository/org/seleniumhq/selenium/selenium-devtools-v85/4.0.0/selenium-devtools-v85-4.0.0.jar:/Users/virender.singh/.m2/repository/org/seleniumhq/selenium/selenium-devtools-v93/4.0.0/selenium-devtools-v93-4.0.0.jar:/Users/virender.singh/.m2/repository/org/seleniumhq/selenium/selenium-devtools-v94/4.0.0/selenium-devtools-v94-4.0.0.jar:/Users/virender.singh/.m2/repository/org/seleniumhq/selenium/selenium-devtools-v95/4.0.0/selenium-devtools-v95-4.0.0.jar:/Users/virender.singh/.m2/repository/org/seleniumhq/selenium/selenium-edge-driver/4.0.0/selenium-edge-driver-4.0.0.jar:/Users/virender.singh/.m2/repository/org/seleniumhq/selenium/selenium-firefox-driver/4.0.0/selenium-firefox-driver-4.0.0.jar:/Users/virender.singh/.m2/repository/org/seleniumhq/selenium/selenium-firefox-xpi-driver/4.0.0/selenium-firefox-xpi-driver-4.0.0.jar:/Users/virender.singh/.m2/repository/org/seleniumhq/selenium/selenium-ie-driver/4.0.0/selenium-ie-driver-4.0.0.jar:/Users/virender.singh/.m2/repository/org/seleniumhq/selenium/selenium-opera-driver/4.0.0/selenium-opera-driver-4.0.0.jar:/Users/virender.singh/.m2/repository/org/seleniumhq/selenium/selenium-remote-driver/4.0.0/selenium-remote-driver-4.0.0.jar:/Users/virender.singh/.m2/repository/io/netty/netty-buffer/4.1.59.Final/netty-buffer-4.1.59.Final.jar:/Users/virender.singh/.m2/repository/io/netty/netty-codec-http/4.1.59.Final/netty-codec-http-4.1.59.Final.jar:/Users/virender.singh/.m2/repository/io/netty/netty-codec/4.1.59.Final/netty-codec-4.1.59.Final.jar:/Users/virender.singh/.m2/repository/io/netty/netty-handler/4.1.59.Final/netty-handler-4.1.59.Final.jar:/Users/virender.singh/.m2/repository/io/netty/netty-common/4.1.59.Final/netty-common-4.1.59.Final.jar:/Users/virender.singh/.m2/repository/io/netty/netty-transport-native-epoll/4.1.59.Final/netty-transport-native-epoll-4.1.59.Final.jar:/Users/virender.singh/.m2/repository/io/netty/netty-transport-native-kqueue/4.1.59.Final/netty-transport-native-kqueue-4.1.59.Final.jar:/Users/virender.singh/.m2/repository/io/netty/netty-transport-native-unix-common/4.1.59.Final/netty-transport-native-unix-common-4.1.59.Final.jar:/Users/virender.singh/.m2/repository/io/netty/netty-transport/4.1.59.Final/netty-transport-4.1.59.Final.jar:/Users/virender.singh/.m2/repository/io/netty/netty-resolver/4.1.59.Final/netty-resolver-4.1.59.Final.jar:/Users/virender.singh/.m2/repository/io/opentelemetry/opentelemetry-api/1.6.0/opentelemetry-api-1.6.0.jar:/Users/virender.singh/.m2/repository/io/opentelemetry/opentelemetry-context/1.6.0/opentelemetry-context-1.6.0.jar:/Users/virender.singh/.m2/repository/io/opentelemetry/opentelemetry-exporter-logging/1.6.0/opentelemetry-exporter-logging-1.6.0.jar:/Users/virender.singh/.m2/repository/io/opentelemetry/opentelemetry-sdk-metrics/1.6.0-alpha/opentelemetry-sdk-metrics-1.6.0-alpha.jar:/Users/virender.singh/.m2/repository/io/opentelemetry/opentelemetry-sdk-common/1.6.0/opentelemetry-sdk-common-1.6.0.jar:/Users/virender.singh/.m2/repository/io/opentelemetry/opentelemetry-sdk-extension-autoconfigure-spi/1.6.0/opentelemetry-sdk-extension-autoconfigure-spi-1.6.0.jar:/Users/virender.singh/.m2/repository/io/opentelemetry/opentelemetry-sdk-extension-autoconfigure/1.6.0-alpha/opentelemetry-sdk-extension-autoconfigure-1.6.0-alpha.jar:/Users/virender.singh/.m2/repository/io/opentelemetry/opentelemetry-sdk-trace/1.6.0/opentelemetry-sdk-trace-1.6.0.jar:/Users/virender.singh/.m2/repository/io/opentelemetry/opentelemetry-api-metrics/1.6.0-alpha/opentelemetry-api-metrics-1.6.0-alpha.jar:/Users/virender.singh/.m2/repository/io/opentelemetry/opentelemetry-sdk/1.6.0/opentelemetry-sdk-1.6.0.jar:/Users/virender.singh/.m2/repository/io/opentelemetry/opentelemetry-semconv/1.6.0-alpha/opentelemetry-semconv-1.6.0-alpha.jar:/Users/virender.singh/.m2/repository/io/ous/jtoml/2.0.0/jtoml-2.0.0.jar:/Users/virender.singh/.m2/repository/org/apache/commons/commons-exec/1.3/commons-exec-1.3.jar:/Users/virender.singh/.m2/repository/org/asynchttpclient/async-http-client/2.12.3/async-http-client-2.12.3.jar:/Users/virender.singh/.m2/repository/org/asynchttpclient/async-http-client-netty-utils/2.12.3/async-http-client-netty-utils-2.12.3.jar:/Users/virender.singh/.m2/repository/io/netty/netty-codec-socks/4.1.59.Final/netty-codec-socks-4.1.59.Final.jar:/Users/virender.singh/.m2/repository/io/netty/netty-handler-proxy/4.1.59.Final/netty-handler-proxy-4.1.59.Final.jar:/Users/virender.singh/.m2/repository/io/netty/netty-transport-native-epoll/4.1.59.Final/netty-transport-native-epoll-4.1.59.Final-linux-x86_64.jar:/Users/virender.singh/.m2/repository/io/netty/netty-transport-native-kqueue/4.1.59.Final/netty-transport-native-kqueue-4.1.59.Final-osx-x86_64.jar:/Users/virender.singh/.m2/repository/org/reactivestreams/reactive-streams/1.0.3/reactive-streams-1.0.3.jar:/Users/virender.singh/.m2/repository/com/typesafe/netty/netty-reactive-streams/2.0.4/netty-reactive-streams-2.0.4.jar:/Users/virender.singh/.m2/repository/com/sun/activation/jakarta.activation/1.2.2/jakarta.activation-1.2.2.jar:/Users/virender.singh/.m2/repository/org/seleniumhq/selenium/selenium-http/4.0.0/selenium-http-4.0.0.jar:/Users/virender.singh/.m2/repository/org/seleniumhq/selenium/selenium-safari-driver/4.0.0/selenium-safari-driver-4.0.0.jar:/Users/virender.singh/.m2/repository/org/seleniumhq/selenium/selenium-support/4.0.0/selenium-support-4.0.0.jar:/Users/virender.singh/.m2/repository/org/testng/testng/7.4.0/testng-7.4.0.jar:/Users/virender.singh/.m2/repository/com/beust/jcommander/1.78/jcommander-1.78.jar:/Users/virender.singh/.m2/repository/org/webjars/jquery/3.5.1/jquery-3.5.1.jar:/Users/virender.singh/.m2/repository/io/cucumber/cucumber-spring/6.9.1/cucumber-spring-6.9.1.jar:/Users/virender.singh/.m2/repository/io/cucumber/cucumber-core/6.9.1/cucumber-core-6.9.1.jar:/Users/virender.singh/.m2/repository/io/cucumber/cucumber-gherkin/6.9.1/cucumber-gherkin-6.9.1.jar:/Users/virender.singh/.m2/repository/io/cucumber/cucumber-gherkin-messages/6.9.1/cucumber-gherkin-messages-6.9.1.jar:/Users/virender.singh/.m2/repository/io/cucumber/messages/13.2.1/messages-13.2.1.jar:/Users/virender.singh/.m2/repository/io/cucumber/tag-expressions/3.0.0/tag-expressions-3.0.0.jar:/Users/virender.singh/.m2/repository/io/cucumber/cucumber-expressions/10.3.0/cucumber-expressions-10.3.0.jar:/Users/virender.singh/.m2/repository/io/cucumber/datatable/3.5.0/datatable-3.5.0.jar:/Users/virender.singh/.m2/repository/io/cucumber/cucumber-plugin/6.9.1/cucumber-plugin-6.9.1.jar:/Users/virender.singh/.m2/repository/io/cucumber/docstring/6.9.1/docstring-6.9.1.jar:/Users/virender.singh/.m2/repository/io/cucumber/html-formatter/9.0.0/html-formatter-9.0.0.jar:/Users/virender.singh/.m2/repository/io/cucumber/create-meta/2.0.4/create-meta-2.0.4.jar:/Users/virender.singh/.m2/repository/org/apiguardian/apiguardian-api/1.1.0/apiguardian-api-1.1.0.jar:/Users/virender.singh/.m2/repository/io/cucumber/cucumber-java/6.9.1/cucumber-java-6.9.1.jar:/Users/virender.singh/.m2/repository/io/cucumber/cucumber-testng/6.9.1/cucumber-testng-6.9.1.jar:"/>
    <property name="sun.cpu.endian" value="little"/>
    <property name="user.home" value="/Users/virender.singh"/>
    <property name="user.language" value="en"/>
    <property name="java.specification.vendor" value="Oracle Corporation"/>
    <property name="java.version.date" value="2021-07-20"/>
    <property name="java.home" value="/Library/Java/JavaVirtualMachines/jdk-11.0.12.jdk/Contents/Home"/>
    <property name="file.separator" value="/"/>
    <property name="basedir" value="/Users/virender.singh/Downloads/SpringBasicParallelExecution"/>
    <property name="java.vm.compressedOopsMode" value="Zero based"/>
    <property name="line.separator" value="&#10;"/>
    <property name="java.specification.name" value="Java Platform API Specification"/>
    <property name="java.vm.specification.vendor" value="Oracle Corporation"/>
    <property name="java.awt.graphicsenv" value="sun.awt.CGraphicsEnvironment"/>
    <property name="surefire.real.class.path" value="/Users/virender.singh/Downloads/SpringBasicParallelExecution/target/surefire/surefirebooter5755441117496946640.jar"/>
    <property name="sun.management.compiler" value="HotSpot 64-Bit Tiered Compilers"/>
    <property name="ftp.nonProxyHosts" value="local|*.local|169.254/16|*.169.254/16"/>
    <property name="java.runtime.version" value="11.0.12+8-LTS-237"/>
    <property name="user.name" value="virender.singh"/>
    <property name="path.separator" value=":"/>
    <property name="os.version" value="11.5"/>
    <property name="java.runtime.name" value="Java(TM) SE Runtime Environment"/>
    <property name="file.encoding" value="UTF-8"/>
    <property name="java.vm.name" value="Java HotSpot(TM) 64-Bit Server VM"/>
    <property name="java.vendor.version" value="18.9"/>
    <property name="localRepository" value="/Users/virender.singh/.m2/repository"/>
    <property name="java.vendor.url.bug" value="https://bugreport.java.com/bugreport/"/>
    <property name="java.io.tmpdir" value="/var/folders/y2/d3yk9x3s5cg26jcp3ltgkt3sr9mgt9/T/"/>
    <property name="java.version" value="11.0.12"/>
    <property name="user.dir" value="/Users/virender.singh/Downloads/SpringBasicParallelExecution"/>
    <property name="os.arch" value="x86_64"/>
    <property name="java.vm.specification.name" value="Java Virtual Machine Specification"/>
    <property name="java.awt.printerjob" value="sun.lwawt.macosx.CPrinterJob"/>
    <property name="sun.os.patch.level" value="unknown"/>
    <property name="java.library.path" value="/Users/virender.singh/Library/Java/Extensions:/Library/Java/Extensions:/Network/Library/Java/Extensions:/System/Library/Java/Extensions:/usr/lib/java:."/>
    <property name="java.vendor" value="Oracle Corporation"/>
    <property name="java.vm.info" value="mixed mode"/>
    <property name="java.vm.version" value="11.0.12+8-LTS-237"/>
    <property name="sun.io.unicode.encoding" value="UnicodeBig"/>
    <property name="java.class.version" value="55.0"/>
    <property name="socksNonProxyHosts" value="local|*.local|169.254/16|*.169.254/16"/>
  </properties>
  <testcase name="testLogin" classname="com.ea.SpringBasic.SpringTestNGTest" time="2.978"/>
  <testcase name="testLoginAgain" classname="com.ea.SpringBasic.SpringTestNGTest" time="0.038">
    <failure message="no such element: Unable to locate element: {&quot;method&quot;:&quot;link text&quot;,&quot;selector&quot;:&quot;Login&quot;}&#10;  (Session info: chrome=94.0.4606.81)&#10;For documentation on this error, please visit: https://selenium.dev/exceptions/#no_such_element&#10;Build info: version: &apos;4.0.0&apos;, revision: &apos;3a21814679&apos;&#10;System info: host: &apos;ndi-mb-063&apos;, ip: &apos;192.168.1.13&apos;, os.name: &apos;Mac OS X&apos;, os.arch: &apos;x86_64&apos;, os.version: &apos;11.5&apos;, java.version: &apos;11.0.12&apos;&#10;Driver info: org.openqa.selenium.chrome.ChromeDriver&#10;Command: [c812954318466379f5ff620a28fb19f2, findElement {using=link text, value=Login}]&#10;Capabilities {acceptInsecureCerts: false, browserName: chrome, browserVersion: 94.0.4606.81, chrome: {chromedriverVersion: 94.0.4606.61 (418b78f5838ed..., userDataDir: /var/folders/y2/d3yk9x3s5cg...}, goog:chromeOptions: {debuggerAddress: localhost:52112}, javascriptEnabled: true, networkConnectionEnabled: false, pageLoadStrategy: normal, platform: MAC, platformName: MAC, proxy: Proxy(), se:cdp: ws://localhost:52112/devtoo..., se:cdpVersion: 94.0.4606.81, setWindowRect: true, strictFileInteractability: false, timeouts: {implicit: 0, pageLoad: 300000, script: 30000}, unhandledPromptBehavior: dismiss and notify, webauthn:extension:credBlob: true, webauthn:extension:largeBlob: true, webauthn:virtualAuthenticators: true}&#10;Session ID: c812954318466379f5ff620a28fb19f2" type="org.openqa.selenium.NoSuchElementException">org.openqa.selenium.NoSuchElementException: 
no such element: Unable to locate element: {"method":"link text","selector":"Login"}
  (Session info: chrome=94.0.4606.81)
For documentation on this error, please visit: https://selenium.dev/exceptions/#no_such_element
Build info: version: '4.0.0', revision: '3a21814679'
System info: host: 'ndi-mb-063', ip: '192.168.1.13', os.name: 'Mac OS X', os.arch: 'x86_64', os.version: '11.5', java.version: '11.0.12'
Driver info: org.openqa.selenium.chrome.ChromeDriver
Command: [c812954318466379f5ff620a28fb19f2, findElement {using=link text, value=Login}]
Capabilities {acceptInsecureCerts: false, browserName: chrome, browserVersion: 94.0.4606.81, chrome: {chromedriverVersion: 94.0.4606.61 (418b78f5838ed..., userDataDir: /var/folders/y2/d3yk9x3s5cg...}, goog:chromeOptions: {debuggerAddress: localhost:52112}, javascriptEnabled: true, networkConnectionEnabled: false, pageLoadStrategy: normal, platform: MAC, platformName: MAC, proxy: Proxy(), se:cdp: ws://localhost:52112/devtoo..., se:cdpVersion: 94.0.4606.81, setWindowRect: true, strictFileInteractability: false, timeouts: {implicit: 0, pageLoad: 300000, script: 30000}, unhandledPromptBehavior: dismiss and notify, webauthn:extension:credBlob: true, webauthn:extension:largeBlob: true, webauthn:virtualAuthenticators: true}
Session ID: c812954318466379f5ff620a28fb19f2
	at com.ea.SpringBasic.SpringTestNGTest.testLoginAgain(SpringTestNGTest.java:46)
</failure>
  </testcase>
</testsuite>